<?xml version="1.0" encoding="UTF-8"?>
<!-- Generated by org.testng.reporters.JUnitXMLReporter -->
<testsuite ignored="0" hostname="DESKTOP-N3LRL61" failures="0" tests="37" name="Test" time="28.525" errors="0" timestamp="2023-10-14T10:29:17 IST">
  <testcase classname="Com.QA.LoginTest.SwagLabsPagesTest" name="LoginpageTitleTest" time="0.043"/>
  <testcase classname="Com.QA.LoginTest.SwagLabsPagesTest" name="LoginpageUrlTest" time="0.003"/>
  <testcase classname="Com.QA.LoginTest.SwagLabsPagesTest" name="verifyLoginLogoTest" time="0.03"/>
  <testcase classname="Com.QA.LoginTest.SwagLabsPagesTest" name="verifyAcceptedUsernamePasswordTest" time="0.045"/>
  <testcase classname="Com.QA.LoginTest.SwagLabsPagesTest" name="performLoginAction" time="0.538"/>
  <testcase classname="Com.QA.LoginTest.SwagLabsPagesTest" name="verifyProductPageTitleTest" time="0.008"/>
  <testcase classname="Com.QA.LoginTest.SwagLabsPagesTest" name="verifyProductPageUrlTest" time="0.0"/>
  <testcase classname="Com.QA.LoginTest.SwagLabsPagesTest" name="verifyProductPageLogoTest" time="0.055"/>
  <testcase classname="Com.QA.LoginTest.SwagLabsPagesTest" name="verifyProductFilterTest" time="0.026"/>
  <testcase classname="Com.QA.LoginTest.SwagLabsPagesTest" name="verifyProductFooterLinkTest" time="0.011"/>
  <testcase classname="Com.QA.LoginTest.SwagLabsPagesTest" name="verifyProductLinkTest" time="0.029"/>
  <testcase classname="Com.QA.LoginTest.SwagLabsPagesTest" name="verifyClickonProductLinkTest" time="0.121"/>
  <testcase classname="Com.QA.LoginTest.SwagLabsPagesTest" name="verifysecondProductPageTitleTest" time="0.007"/>
  <testcase classname="Com.QA.LoginTest.SwagLabsPagesTest" name="verifysecondProductPageUrlTest" time="0.0"/>
  <testcase classname="Com.QA.LoginTest.SwagLabsPagesTest" name="verifyProductPriceTest" time="0.025"/>
  <testcase classname="Com.QA.LoginTest.SwagLabsPagesTest" name="ClickOncontinueShoppingButtonTest" time="0.149"/>
  <testcase classname="Com.QA.LoginTest.SwagLabsPagesTest" name="VerifyProductinCartButton" time="0.011"/>
  <testcase classname="Com.QA.LoginTest.SwagLabsPagesTest" name="clickOnCheckoutButton" time="0.085"/>
  <testcase classname="Com.QA.LoginTest.SwagLabsPagesTest" name="AddressPageTitleTest" time="0.009"/>
  <testcase classname="Com.QA.LoginTest.SwagLabsPagesTest" name="AddressPageUrlTest" time="0.002"/>
  <testcase classname="Com.QA.LoginTest.SwagLabsPagesTest" name="AddressPageLogoTest" time="0.039"/>
  <testcase classname="Com.QA.LoginTest.SwagLabsPagesTest" name="AddressPageHeaderTest" time="0.033"/>
  <testcase classname="Com.QA.LoginTest.SwagLabsPagesTest" name="AddressPageFooterLinkTest" time="0.028"/>
  <testcase classname="Com.QA.LoginTest.SwagLabsPagesTest" name="AddressPageDataTest" time="0.384"/>
  <testcase classname="Com.QA.LoginTest.SwagLabsPagesTest" name="PaymentPageLogoTest" time="0.028"/>
  <testcase classname="Com.QA.LoginTest.SwagLabsPagesTest" name="PaymentPageHeaderTest" time="0.027"/>
  <testcase classname="Com.QA.LoginTest.SwagLabsPagesTest" name="PaymentPageFooterLinkTest" time="0.012"/>
  <testcase classname="Com.QA.LoginTest.SwagLabsPagesTest" name="PaymentInformationTextTest" time="0.062"/>
  <testcase classname="Com.QA.LoginTest.SwagLabsPagesTest" name="ShippingInformationTextTest" time="0.031"/>
  <testcase classname="Com.QA.LoginTest.SwagLabsPagesTest" name="VerifyFInalOrderPriceTest" time="0.149"/>
  <testcase classname="Com.QA.LoginTest.SwagLabsPagesTest" name="ConfirmOrderPageTitleTest" time="0.009"/>
  <testcase classname="Com.QA.LoginTest.SwagLabsPagesTest" name="ConfirmOrderPageUrlTest" time="0.0"/>
  <testcase classname="Com.QA.LoginTest.SwagLabsPagesTest" name="ConfirmOrderPageLogoTest" time="0.015"/>
  <testcase classname="Com.QA.LoginTest.SwagLabsPagesTest" name="ConfirmOrderPageHeaderTest" time="0.01"/>
  <testcase classname="Com.QA.LoginTest.SwagLabsPagesTest" name="ConfirmOrderPageFooterLinkTest" time="0.01"/>
  <testcase classname="Com.QA.LoginTest.SwagLabsPagesTest" name="ConfirmOrderMessageTest" time="0.019"/>
  <testcase classname="Com.QA.LoginTest.SwagLabsPagesTest" name="ConfirmOrderDeliveryMessageTest" time="0.019"/>
</testsuite> <!-- Test -->
