<?xml version="1.0" encoding="UTF-8"?>
<testsuite xmlns:xsi="http://www.w3.org/2001/XMLSchema-instance" xsi:noNamespaceSchemaLocation="https://maven.apache.org/surefire/maven-surefire-plugin/xsd/surefire-test-report-3.0.xsd" version="3.0" name="TestSuite" time="30.916" tests="37" errors="0" skipped="0" failures="0">
  <properties>
[...]
</properties>
  <testcase name="LoginpageTitleTest" classname="Com.QA.LoginTest.SwagLabsPagesTest" time="0.341">
    <system-out><![CDATA[Browser Name : chromium
[DEBUG] 2023-10-14 10:29:03.235 [main] SwagLabsPagesTest - Debugging.....
LoginpageTitleTest started!
[INFO ] 2023-10-14 10:29:03.365 [main] SwagLabsPagesTest - Login Page Title Matching ....
[INFO ] 2023-10-14 10:29:03.365 [main] SwagLabsPagesTest - Login Page Title Matched ....
LoginpageTitleTest passed!
]]></system-out>
  </testcase>
  <testcase name="LoginpageUrlTest" classname="Com.QA.LoginTest.SwagLabsPagesTest" time="0.164">
    <system-out><![CDATA[LoginpageUrlTest started!
[INFO ] 2023-10-14 10:29:03.694 [main] SwagLabsPagesTest - Login Page url Matching ....
[INFO ] 2023-10-14 10:29:03.696 [main] SwagLabsPagesTest - Login Page url Matched ....
LoginpageUrlTest passed!
]]></system-out>
  </testcase>
  <testcase name="verifyLoginLogoTest" classname="Com.QA.LoginTest.SwagLabsPagesTest" time="0.24">
    <system-out><![CDATA[verifyLoginLogoTest started!
[INFO ] 2023-10-14 10:29:03.903 [main] SwagLabsPagesTest - Login Page logo Matching ....
[INFO ] 2023-10-14 10:29:03.903 [main] SwagLabsPagesTest - Login Page logo Matched ....
verifyLoginLogoTest passed!
]]></system-out>
  </testcase>
  <testcase name="verifyAcceptedUsernamePasswordTest" classname="Com.QA.LoginTest.SwagLabsPagesTest" time="0.321">
    <system-out><![CDATA[verifyAcceptedUsernamePasswordTest started!
Accepted UserName And Password : 1
[INFO ] 2023-10-14 10:29:04.156 [main] SwagLabsPagesTest - Verifying all Accepted Username Password
Accepted usernames are:
standard_user
locked_out_user
problem_user
performance_glitch_user
error_user

Password for all users:
secret_sauce
verifyAcceptedUsernamePasswordTest passed!
]]></system-out>
  </testcase>
  <testcase name="performLoginAction" classname="Com.QA.LoginTest.SwagLabsPagesTest" time="1.016">
    <system-out><![CDATA[performLoginAction started!
[INFO ] 2023-10-14 10:29:04.985 [main] SwagLabsPagesTest - Login Action Performed Succesfully
performLoginAction passed!
]]></system-out>
  </testcase>
  <testcase name="verifyProductPageTitleTest" classname="Com.QA.LoginTest.SwagLabsPagesTest" time="0.361">
    <system-out><![CDATA[verifyProductPageTitleTest started!
[INFO ] 2023-10-14 10:29:05.479 [main] SwagLabsPagesTest - Product Page Title Matching ....
[INFO ] 2023-10-14 10:29:05.480 [main] SwagLabsPagesTest - Product Page Title Matched ....
verifyProductPageTitleTest passed!
]]></system-out>
  </testcase>
  <testcase name="verifyProductPageUrlTest" classname="Com.QA.LoginTest.SwagLabsPagesTest" time="0.332">
    <system-out><![CDATA[verifyProductPageUrlTest started!
[INFO ] 2023-10-14 10:29:05.841 [main] SwagLabsPagesTest - Product Page url Matching ....
[INFO ] 2023-10-14 10:29:05.841 [main] SwagLabsPagesTest - Product Page url Matched....
verifyProductPageUrlTest passed!
]]></system-out>
  </testcase>
  <testcase name="verifyProductPageLogoTest" classname="Com.QA.LoginTest.SwagLabsPagesTest" time="0.386">
    <system-out><![CDATA[verifyProductPageLogoTest started!
Swag Labs
[INFO ] 2023-10-14 10:29:06.261 [main] SwagLabsPagesTest - Product Page logo Matching ....
[INFO ] 2023-10-14 10:29:06.261 [main] SwagLabsPagesTest - Product Page logo Matching ....
verifyProductPageLogoTest passed!
]]></system-out>
  </testcase>
  <testcase name="verifyProductFilterTest" classname="Com.QA.LoginTest.SwagLabsPagesTest" time="0.356">
    <system-out><![CDATA[verifyProductFilterTest started!
Name (A to Z)
Name (Z to A)
Price (low to high)
Price (high to low)
[INFO ] 2023-10-14 10:29:06.625 [main] SwagLabsPagesTest - verified all product Filter text
verifyProductFilterTest passed!
]]></system-out>
  </testcase>
  <testcase name="verifyProductFooterLinkTest" classname="Com.QA.LoginTest.SwagLabsPagesTest" time="0.377">
    <system-out><![CDATA[verifyProductFooterLinkTest started!
Twitter
Facebook
LinkedIn
[INFO ] 2023-10-14 10:29:06.983 [main] SwagLabsPagesTest - verified all footer links text
verifyProductFooterLinkTest passed!
]]></system-out>
  </testcase>
  <testcase name="verifyProductLinkTest" classname="Com.QA.LoginTest.SwagLabsPagesTest" time="0.385">
    <system-out><![CDATA[verifyProductLinkTest started!
Sauce Labs Backpackcarry.allTheThings() with the sleek, streamlined Sly Pack that melds uncompromising style with unequaled laptop and tablet protection.$29.99Add to cart
[INFO ] 2023-10-14 10:29:07.395 [main] SwagLabsPagesTest - verified all product links
verifyProductLinkTest passed!
]]></system-out>
  </testcase>
  <testcase name="verifyClickonProductLinkTest" classname="Com.QA.LoginTest.SwagLabsPagesTest" time="0.383">
    <system-out><![CDATA[verifyClickonProductLinkTest started!
[INFO ] 2023-10-14 10:29:07.873 [main] SwagLabsPagesTest - Click on Product Link
verifyClickonProductLinkTest passed!
]]></system-out>
  </testcase>
  <testcase name="verifysecondProductPageTitleTest" classname="Com.QA.LoginTest.SwagLabsPagesTest" time="0.237">
    <system-out><![CDATA[verifysecondProductPageTitleTest started!
[INFO ] 2023-10-14 10:29:08.151 [main] SwagLabsPagesTest - Second Product Page title Matching ....
[INFO ] 2023-10-14 10:29:08.151 [main] SwagLabsPagesTest - Second Product Page title Matched ....
verifysecondProductPageTitleTest passed!
]]></system-out>
  </testcase>
  <testcase name="verifysecondProductPageUrlTest" classname="Com.QA.LoginTest.SwagLabsPagesTest" time="0.242">
    <system-out><![CDATA[verifysecondProductPageUrlTest started!
[INFO ] 2023-10-14 10:29:08.389 [main] SwagLabsPagesTest - Second Product Page url Matching ....
[INFO ] 2023-10-14 10:29:08.389 [main] SwagLabsPagesTest - Second Product Page url Matched ....
verifysecondProductPageUrlTest passed!
]]></system-out>
  </testcase>
  <testcase name="verifyProductPriceTest" classname="Com.QA.LoginTest.SwagLabsPagesTest" time="0.29">
    <system-out><![CDATA[verifyProductPriceTest started!
Price of Product : $29.99
[INFO ] 2023-10-14 10:29:08.664 [main] SwagLabsPagesTest - Product price Matching ....
[INFO ] 2023-10-14 10:29:08.665 [main] SwagLabsPagesTest - Product price Matched....
verifyProductPriceTest passed!
]]></system-out>
  </testcase>
  <testcase name="ClickOncontinueShoppingButtonTest" classname="Com.QA.LoginTest.SwagLabsPagesTest" time="0.321">
    <system-out><![CDATA[ClickOncontinueShoppingButtonTest started!
[INFO ] 2023-10-14 10:29:09.097 [main] SwagLabsPagesTest - Click on AddToCart Button
ClickOncontinueShoppingButtonTest passed!
]]></system-out>
  </testcase>
  <testcase name="VerifyProductinCartButton" classname="Com.QA.LoginTest.SwagLabsPagesTest" time="0.189">
    <system-out><![CDATA[VerifyProductinCartButton started!
[INFO ] 2023-10-14 10:29:09.285 [main] SwagLabsPagesTest - Product in cart Matching ....
[INFO ] 2023-10-14 10:29:09.285 [main] SwagLabsPagesTest - Product in cart Matched ....
VerifyProductinCartButton passed!
]]></system-out>
  </testcase>
  <testcase name="clickOnCheckoutButton" classname="Com.QA.LoginTest.SwagLabsPagesTest" time="0.346">
    <system-out><![CDATA[clickOnCheckoutButton started!
[INFO ] 2023-10-14 10:29:09.558 [main] SwagLabsPagesTest - click on checkout Button
clickOnCheckoutButton passed!
]]></system-out>
  </testcase>
  <testcase name="AddressPageTitleTest" classname="Com.QA.LoginTest.SwagLabsPagesTest" time="0.271">
    <system-out><![CDATA[AddressPageTitleTest started!
[INFO ] 2023-10-14 10:29:09.830 [main] SwagLabsPagesTest - Address Page Title Matching
[INFO ] 2023-10-14 10:29:09.833 [main] SwagLabsPagesTest - Address Page Title Matched
AddressPageTitleTest passed!
]]></system-out>
  </testcase>
  <testcase name="AddressPageUrlTest" classname="Com.QA.LoginTest.SwagLabsPagesTest" time="0.276">
    <system-out><![CDATA[AddressPageUrlTest started!
[INFO ] 2023-10-14 10:29:10.100 [main] SwagLabsPagesTest - Address Page url Matching
[INFO ] 2023-10-14 10:29:10.100 [main] SwagLabsPagesTest - Address Page url Matched
AddressPageUrlTest passed!
]]></system-out>
  </testcase>
  <testcase name="AddressPageLogoTest" classname="Com.QA.LoginTest.SwagLabsPagesTest" time="0.405">
    <system-out><![CDATA[AddressPageLogoTest started!
Address Page Logo :Swag Labs
[INFO ] 2023-10-14 10:29:10.422 [main] SwagLabsPagesTest - Address Page logo Matching
[INFO ] 2023-10-14 10:29:10.422 [main] SwagLabsPagesTest - Address Page logo Matched
AddressPageLogoTest passed!
]]></system-out>
  </testcase>
  <testcase name="AddressPageHeaderTest" classname="Com.QA.LoginTest.SwagLabsPagesTest" time="0.354">
    <system-out><![CDATA[AddressPageHeaderTest started!
Address Page Header :Checkout: Your Information
[INFO ] 2023-10-14 10:29:10.828 [main] SwagLabsPagesTest - Address Page Header Matching
[INFO ] 2023-10-14 10:29:10.828 [main] SwagLabsPagesTest - Address Page Header Matched
AddressPageHeaderTest passed!
]]></system-out>
  </testcase>
  <testcase name="AddressPageFooterLinkTest" classname="Com.QA.LoginTest.SwagLabsPagesTest" time="0.297">
    <system-out><![CDATA[AddressPageFooterLinkTest started!
Twitter
Facebook
LinkedIn
[INFO ] 2023-10-14 10:29:11.186 [main] SwagLabsPagesTest - verified All Footer Links
AddressPageFooterLinkTest passed!
]]></system-out>
  </testcase>
  <testcase name="AddressPageDataTest[Steve, smith, &quot;454545&quot;](1)" classname="Com.QA.LoginTest.SwagLabsPagesTest" time="0.625">
    <system-out><![CDATA[AddressPageDataTest started!
[INFO ] 2023-10-14 10:29:12.783 [main] SwagLabsPagesTest - Successfullt Sent Address Values
AddressPageDataTest passed!
]]></system-out>
  </testcase>
  <testcase name="PaymentPageLogoTest" classname="Com.QA.LoginTest.SwagLabsPagesTest" time="0.338">
    <system-out><![CDATA[PaymentPageLogoTest started!
Address Page Logo :Swag Labs
[INFO ] 2023-10-14 10:29:13.071 [main] SwagLabsPagesTest - Payement Page logo Matching
[INFO ] 2023-10-14 10:29:13.071 [main] SwagLabsPagesTest - Payement Page logo Matched
PaymentPageLogoTest passed!
]]></system-out>
  </testcase>
  <testcase name="PaymentPageHeaderTest" classname="Com.QA.LoginTest.SwagLabsPagesTest" time="0.315">
    <system-out><![CDATA[PaymentPageHeaderTest started!
Address Page Header :Checkout: Overview
[INFO ] 2023-10-14 10:29:13.418 [main] SwagLabsPagesTest - Payement Page Header Matching
[INFO ] 2023-10-14 10:29:13.418 [main] SwagLabsPagesTest - Payement Page Header Matched
PaymentPageHeaderTest passed!
]]></system-out>
  </testcase>
  <testcase name="PaymentPageFooterLinkTest" classname="Com.QA.LoginTest.SwagLabsPagesTest" time="0.325">
    <system-out><![CDATA[PaymentPageFooterLinkTest started!
Twitter
Facebook
LinkedIn
[INFO ] 2023-10-14 10:29:13.729 [main] SwagLabsPagesTest - Verified all Footer Links
PaymentPageFooterLinkTest passed!
]]></system-out>
  </testcase>
  <testcase name="PaymentInformationTextTest" classname="Com.QA.LoginTest.SwagLabsPagesTest" time="0.381">
    <system-out><![CDATA[PaymentInformationTextTest started!
SauceCard #31337
[INFO ] 2023-10-14 10:29:14.110 [main] SwagLabsPagesTest - Payement Information Matching
[INFO ] 2023-10-14 10:29:14.110 [main] SwagLabsPagesTest - Payement Information Matched
PaymentInformationTextTest passed!
]]></system-out>
  </testcase>
  <testcase name="ShippingInformationTextTest" classname="Com.QA.LoginTest.SwagLabsPagesTest" time="0.355">
    <system-out><![CDATA[ShippingInformationTextTest started!
Free Pony Express Delivery!
[INFO ] 2023-10-14 10:29:14.494 [main] SwagLabsPagesTest - Shipping Information Matching
[INFO ] 2023-10-14 10:29:14.495 [main] SwagLabsPagesTest - Shipping Information Matched
ShippingInformationTextTest passed!
]]></system-out>
  </testcase>
  <testcase name="VerifyFInalOrderPriceTest" classname="Com.QA.LoginTest.SwagLabsPagesTest" time="0.344">
    <system-out><![CDATA[VerifyFInalOrderPriceTest started!
[INFO ] 2023-10-14 10:29:14.981 [main] SwagLabsPagesTest - Final product price Matching
[INFO ] 2023-10-14 10:29:14.981 [main] SwagLabsPagesTest - Final product price Matched
VerifyFInalOrderPriceTest passed!
]]></system-out>
  </testcase>
  <testcase name="ConfirmOrderPageTitleTest" classname="Com.QA.LoginTest.SwagLabsPagesTest" time="0.211">
    <system-out><![CDATA[ConfirmOrderPageTitleTest started!
[INFO ] 2023-10-14 10:29:15.193 [main] SwagLabsPagesTest - ConfirmOrder Page Title Matching
[INFO ] 2023-10-14 10:29:15.193 [main] SwagLabsPagesTest - ConfirmOrder Page Title Matched
ConfirmOrderPageTitleTest passed!
]]></system-out>
  </testcase>
  <testcase name="ConfirmOrderPageUrlTest" classname="Com.QA.LoginTest.SwagLabsPagesTest" time="0.198">
    <system-out><![CDATA[ConfirmOrderPageUrlTest started!
[INFO ] 2023-10-14 10:29:15.397 [main] SwagLabsPagesTest - ConfirmOrder Page url Matching
[INFO ] 2023-10-14 10:29:15.397 [main] SwagLabsPagesTest - ConfirmOrder Page url Matched
ConfirmOrderPageUrlTest passed!
]]></system-out>
  </testcase>
  <testcase name="ConfirmOrderPageLogoTest" classname="Com.QA.LoginTest.SwagLabsPagesTest" time="0.215">
    <system-out><![CDATA[ConfirmOrderPageLogoTest started!
[INFO ] 2023-10-14 10:29:15.618 [main] SwagLabsPagesTest - ConfirmOrder Page logo Matching
[INFO ] 2023-10-14 10:29:15.618 [main] SwagLabsPagesTest - ConfirmOrder Page logo Matched
ConfirmOrderPageLogoTest passed!
]]></system-out>
  </testcase>
  <testcase name="ConfirmOrderPageHeaderTest" classname="Com.QA.LoginTest.SwagLabsPagesTest" time="0.19">
    <system-out><![CDATA[ConfirmOrderPageHeaderTest started!
[INFO ] 2023-10-14 10:29:15.840 [main] SwagLabsPagesTest - ConfirmOrder Page Header Matching
[INFO ] 2023-10-14 10:29:15.840 [main] SwagLabsPagesTest - ConfirmOrder Page Headers Matched
ConfirmOrderPageHeaderTest passed!
]]></system-out>
  </testcase>
  <testcase name="ConfirmOrderPageFooterLinkTest" classname="Com.QA.LoginTest.SwagLabsPagesTest" time="0.21">
    <system-out><![CDATA[ConfirmOrderPageFooterLinkTest started!
Twitter
Facebook
LinkedIn
[INFO ] 2023-10-14 10:29:16.037 [main] SwagLabsPagesTest - Verified all Footer Links
ConfirmOrderPageFooterLinkTest passed!
]]></system-out>
  </testcase>
  <testcase name="ConfirmOrderMessageTest" classname="Com.QA.LoginTest.SwagLabsPagesTest" time="0.216">
    <system-out><![CDATA[ConfirmOrderMessageTest started!
Thank you for your order!
[INFO ] 2023-10-14 10:29:16.258 [main] SwagLabsPagesTest - ConfirmOrder Page message Matching
[INFO ] 2023-10-14 10:29:16.259 [main] SwagLabsPagesTest - ConfirmOrder Page message Matched
ConfirmOrderMessageTest passed!
]]></system-out>
  </testcase>
  <testcase name="ConfirmOrderDeliveryMessageTest" classname="Com.QA.LoginTest.SwagLabsPagesTest" time="0.23">
    <system-out><![CDATA[ConfirmOrderDeliveryMessageTest started!
Your order has been dispatched, and will arrive just as fast as the pony can get there!
[INFO ] 2023-10-14 10:29:16.479 [main] SwagLabsPagesTest - ConfirmOrder Page Deliverymessage Matching
[INFO ] 2023-10-14 10:29:16.479 [main] SwagLabsPagesTest - ConfirmOrder Page Deliverymessage Matched
ConfirmOrderDeliveryMessageTest passed!
]]></system-out>
  </testcase>
</testsuite>